<?xml version="1.0" encoding="UTF-8"?>
<testng-results ignored="0" total="1" passed="1" failed="0" skipped="0">
  <reporter-output>
  </reporter-output>
  <suite started-at="2021-03-01T13:38:56Z" name="Default suite" finished-at="2021-03-01T13:39:29Z" duration-ms="33024">
    <groups>
    </groups>
    <test started-at="2021-03-01T13:38:56Z" name="Default test" finished-at="2021-03-01T13:39:29Z" duration-ms="33024">
      <class name="TestCases.TestCase02">
        <test-method signature="GoogleSearch()[pri:0, instance:TestCases.TestCase02@534a5a98]" started-at="2021-03-01T19:08:56Z" name="GoogleSearch" finished-at="2021-03-01T19:09:29Z" duration-ms="32992" status="PASS">
          <reporter-output>
          </reporter-output>
        </test-method> <!-- GoogleSearch -->
      </class> <!-- TestCases.TestCase02 -->
    </test> <!-- Default test -->
  </suite> <!-- Default suite -->
</testng-results>
